dpcpp -std=c++17 -O2 -Ddynamic_sched -DQ_SIZE=2 -I../include -qactypes -fintelfpga bin/histogram_dynamic_2qsize.dev.o -o bin/histogram_dynamic_2qsize.fpga_hw -Xshardware -DFPGA=1  -Xsboard=/opt/intel/oneapi/intel_a10gx_pac:pac_a10
aoc: Compiling for FPGA. This process may take several hours to complete.  Prior to performing this compile, be sure to check the reports to ensure the design will meet your performance targets.  If the reports indicate performance targets are not being met, code edits may be required.  Please refer to the oneAPI FPGA Optimization Guide for information on performance tuning applications for FPGAs.
dpcpp -std=c++17 -O2 -Ddynamic_sched -DQ_SIZE=4 -I../include -qactypes -fintelfpga -c src/main.cpp -o bin/histogram_dynamic_4qsize.dev.o -DFPGA=1 
dpcpp -std=c++17 -O2 -Ddynamic_sched -DQ_SIZE=4 -I../include -qactypes -fintelfpga bin/histogram_dynamic_4qsize.dev.o -o bin/histogram_dynamic_4qsize.fpga_hw -Xshardware -DFPGA=1  -Xsboard=/opt/intel/oneapi/intel_a10gx_pac:pac_a10
aoc: Compiling for FPGA. This process may take several hours to complete.  Prior to performing this compile, be sure to check the reports to ensure the design will meet your performance targets.  If the reports indicate performance targets are not being met, code edits may be required.  Please refer to the oneAPI FPGA Optimization Guide for information on performance tuning applications for FPGAs.
dpcpp -std=c++17 -O2 -Ddynamic_sched -DQ_SIZE=8 -I../include -qactypes -fintelfpga -c src/main.cpp -o bin/histogram_dynamic_8qsize.dev.o -DFPGA=1 
dpcpp -std=c++17 -O2 -Ddynamic_sched -DQ_SIZE=8 -I../include -qactypes -fintelfpga bin/histogram_dynamic_8qsize.dev.o -o bin/histogram_dynamic_8qsize.fpga_hw -Xshardware -DFPGA=1  -Xsboard=/opt/intel/oneapi/intel_a10gx_pac:pac_a10
aoc: Compiling for FPGA. This process may take several hours to complete.  Prior to performing this compile, be sure to check the reports to ensure the design will meet your performance targets.  If the reports indicate performance targets are not being met, code edits may be required.  Please refer to the oneAPI FPGA Optimization Guide for information on performance tuning applications for FPGAs.
dpcpp -std=c++17 -O2 -Ddynamic_sched -DQ_SIZE=16 -I../include -qactypes -fintelfpga -c src/main.cpp -o bin/histogram_dynamic_16qsize.dev.o -DFPGA=1 
dpcpp -std=c++17 -O2 -Ddynamic_sched -DQ_SIZE=16 -I../include -qactypes -fintelfpga bin/histogram_dynamic_16qsize.dev.o -o bin/histogram_dynamic_16qsize.fpga_hw -Xshardware -DFPGA=1  -Xsboard=/opt/intel/oneapi/intel_a10gx_pac:pac_a10
aoc: Compiling for FPGA. This process may take several hours to complete.  Prior to performing this compile, be sure to check the reports to ensure the design will meet your performance targets.  If the reports indicate performance targets are not being met, code edits may be required.  Please refer to the oneAPI FPGA Optimization Guide for information on performance tuning applications for FPGAs.
dpcpp -std=c++17 -O2 -Ddynamic_sched -DQ_SIZE=2 -I../include -qactypes -fintelfpga -c src/main.cpp -o bin/histogram_if_dynamic_2qsize.dev.o -DFPGA=1 
dpcpp -std=c++17 -O2 -Ddynamic_sched -DQ_SIZE=2 -I../include -qactypes -fintelfpga bin/histogram_if_dynamic_2qsize.dev.o -o bin/histogram_if_dynamic_2qsize.fpga_hw -Xshardware -DFPGA=1  -Xsboard=/opt/intel/oneapi/intel_a10gx_pac:pac_a10
aoc: Compiling for FPGA. This process may take several hours to complete.  Prior to performing this compile, be sure to check the reports to ensure the design will meet your performance targets.  If the reports indicate performance targets are not being met, code edits may be required.  Please refer to the oneAPI FPGA Optimization Guide for information on performance tuning applications for FPGAs.
dpcpp -std=c++17 -O2 -Ddynamic_sched -DQ_SIZE=4 -I../include -qactypes -fintelfpga -c src/main.cpp -o bin/histogram_if_dynamic_4qsize.dev.o -DFPGA=1 
dpcpp -std=c++17 -O2 -Ddynamic_sched -DQ_SIZE=4 -I../include -qactypes -fintelfpga bin/histogram_if_dynamic_4qsize.dev.o -o bin/histogram_if_dynamic_4qsize.fpga_hw -Xshardware -DFPGA=1  -Xsboard=/opt/intel/oneapi/intel_a10gx_pac:pac_a10
aoc: Compiling for FPGA. This process may take several hours to complete.  Prior to performing this compile, be sure to check the reports to ensure the design will meet your performance targets.  If the reports indicate performance targets are not being met, code edits may be required.  Please refer to the oneAPI FPGA Optimization Guide for information on performance tuning applications for FPGAs.
dpcpp -std=c++17 -O2 -Ddynamic_sched -DQ_SIZE=8 -I../include -qactypes -fintelfpga -c src/main.cpp -o bin/histogram_if_dynamic_8qsize.dev.o -DFPGA=1 
dpcpp -std=c++17 -O2 -Ddynamic_sched -DQ_SIZE=8 -I../include -qactypes -fintelfpga bin/histogram_if_dynamic_8qsize.dev.o -o bin/histogram_if_dynamic_8qsize.fpga_hw -Xshardware -DFPGA=1  -Xsboard=/opt/intel/oneapi/intel_a10gx_pac:pac_a10
aoc: Compiling for FPGA. This process may take several hours to complete.  Prior to performing this compile, be sure to check the reports to ensure the design will meet your performance targets.  If the reports indicate performance targets are not being met, code edits may be required.  Please refer to the oneAPI FPGA Optimization Guide for information on performance tuning applications for FPGAs.
dpcpp -std=c++17 -O2 -Ddynamic_sched -DQ_SIZE=16 -I../include -qactypes -fintelfpga -c src/main.cpp -o bin/histogram_if_dynamic_16qsize.dev.o -DFPGA=1 
dpcpp -std=c++17 -O2 -Ddynamic_sched -DQ_SIZE=16 -I../include -qactypes -fintelfpga bin/histogram_if_dynamic_16qsize.dev.o -o bin/histogram_if_dynamic_16qsize.fpga_hw -Xshardware -DFPGA=1  -Xsboard=/opt/intel/oneapi/intel_a10gx_pac:pac_a10
aoc: Compiling for FPGA. This process may take several hours to complete.  Prior to performing this compile, be sure to check the reports to ensure the design will meet your performance targets.  If the reports indicate performance targets are not being met, code edits may be required.  Please refer to the oneAPI FPGA Optimization Guide for information on performance tuning applications for FPGAs.
dpcpp -std=c++17 -O2 -Ddynamic_sched -DQ_SIZE=2 -I../include  -qactypes -fintelfpga -c src/main.cpp -o bin/spmv_dynamic_2qsize.dev.o -DFPGA=1 
dpcpp -std=c++17 -O2 -Ddynamic_sched -DQ_SIZE=2 -I../include  -qactypes -fintelfpga bin/spmv_dynamic_2qsize.dev.o -o bin/spmv_dynamic_2qsize.fpga_hw -Xshardware -DFPGA=1  -Xsboard=/opt/intel/oneapi/intel_a10gx_pac:pac_a10
aoc: Compiling for FPGA. This process may take several hours to complete.  Prior to performing this compile, be sure to check the reports to ensure the design will meet your performance targets.  If the reports indicate performance targets are not being met, code edits may be required.  Please refer to the oneAPI FPGA Optimization Guide for information on performance tuning applications for FPGAs.
dpcpp -std=c++17 -O2 -Ddynamic_sched -DQ_SIZE=4 -I../include  -qactypes -fintelfpga -c src/main.cpp -o bin/spmv_dynamic_4qsize.dev.o -DFPGA=1 
dpcpp -std=c++17 -O2 -Ddynamic_sched -DQ_SIZE=4 -I../include  -qactypes -fintelfpga bin/spmv_dynamic_4qsize.dev.o -o bin/spmv_dynamic_4qsize.fpga_hw -Xshardware -DFPGA=1  -Xsboard=/opt/intel/oneapi/intel_a10gx_pac:pac_a10
aoc: Compiling for FPGA. This process may take several hours to complete.  Prior to performing this compile, be sure to check the reports to ensure the design will meet your performance targets.  If the reports indicate performance targets are not being met, code edits may be required.  Please refer to the oneAPI FPGA Optimization Guide for information on performance tuning applications for FPGAs.
dpcpp -std=c++17 -O2 -Ddynamic_sched -DQ_SIZE=8 -I../include  -qactypes -fintelfpga -c src/main.cpp -o bin/spmv_dynamic_8qsize.dev.o -DFPGA=1 
dpcpp -std=c++17 -O2 -Ddynamic_sched -DQ_SIZE=8 -I../include  -qactypes -fintelfpga bin/spmv_dynamic_8qsize.dev.o -o bin/spmv_dynamic_8qsize.fpga_hw -Xshardware -DFPGA=1  -Xsboard=/opt/intel/oneapi/intel_a10gx_pac:pac_a10
aoc: Compiling for FPGA. This process may take several hours to complete.  Prior to performing this compile, be sure to check the reports to ensure the design will meet your performance targets.  If the reports indicate performance targets are not being met, code edits may be required.  Please refer to the oneAPI FPGA Optimization Guide for information on performance tuning applications for FPGAs.
dpcpp -std=c++17 -O2 -Ddynamic_sched -DQ_SIZE=16 -I../include  -qactypes -fintelfpga -c src/main.cpp -o bin/spmv_dynamic_16qsize.dev.o -DFPGA=1 
dpcpp -std=c++17 -O2 -Ddynamic_sched -DQ_SIZE=16 -I../include  -qactypes -fintelfpga bin/spmv_dynamic_16qsize.dev.o -o bin/spmv_dynamic_16qsize.fpga_hw -Xshardware -DFPGA=1  -Xsboard=/opt/intel/oneapi/intel_a10gx_pac:pac_a10
aoc: Compiling for FPGA. This process may take several hours to complete.  Prior to performing this compile, be sure to check the reports to ensure the design will meet your performance targets.  If the reports indicate performance targets are not being met, code edits may be required.  Please refer to the oneAPI FPGA Optimization Guide for information on performance tuning applications for FPGAs.
dpcpp -std=c++17 -O2 -Ddynamic_sched -DQ_SIZE=2 -I../include -qactypes -fintelfpga -c src/main.cpp -o bin/maximal_matching_dynamic_2qsize.dev.o -DFPGA=1 
dpcpp -std=c++17 -O2 -Ddynamic_sched -DQ_SIZE=2 -I../include -qactypes -fintelfpga bin/maximal_matching_dynamic_2qsize.dev.o -o bin/maximal_matching_dynamic_2qsize.fpga_hw -Xshardware -DFPGA=1  -Xsboard=/opt/intel/oneapi/intel_a10gx_pac:pac_a10
aoc: Compiling for FPGA. This process may take several hours to complete.  Prior to performing this compile, be sure to check the reports to ensure the design will meet your performance targets.  If the reports indicate performance targets are not being met, code edits may be required.  Please refer to the oneAPI FPGA Optimization Guide for information on performance tuning applications for FPGAs.
dpcpp -std=c++17 -O2 -Ddynamic_sched -DQ_SIZE=4 -I../include -qactypes -fintelfpga -c src/main.cpp -o bin/maximal_matching_dynamic_4qsize.dev.o -DFPGA=1 
dpcpp -std=c++17 -O2 -Ddynamic_sched -DQ_SIZE=4 -I../include -qactypes -fintelfpga bin/maximal_matching_dynamic_4qsize.dev.o -o bin/maximal_matching_dynamic_4qsize.fpga_hw -Xshardware -DFPGA=1  -Xsboard=/opt/intel/oneapi/intel_a10gx_pac:pac_a10
aoc: Compiling for FPGA. This process may take several hours to complete.  Prior to performing this compile, be sure to check the reports to ensure the design will meet your performance targets.  If the reports indicate performance targets are not being met, code edits may be required.  Please refer to the oneAPI FPGA Optimization Guide for information on performance tuning applications for FPGAs.
dpcpp -std=c++17 -O2 -Ddynamic_sched -DQ_SIZE=8 -I../include -qactypes -fintelfpga -c src/main.cpp -o bin/maximal_matching_dynamic_8qsize.dev.o -DFPGA=1 
dpcpp -std=c++17 -O2 -Ddynamic_sched -DQ_SIZE=8 -I../include -qactypes -fintelfpga bin/maximal_matching_dynamic_8qsize.dev.o -o bin/maximal_matching_dynamic_8qsize.fpga_hw -Xshardware -DFPGA=1  -Xsboard=/opt/intel/oneapi/intel_a10gx_pac:pac_a10
aoc: Compiling for FPGA. This process may take several hours to complete.  Prior to performing this compile, be sure to check the reports to ensure the design will meet your performance targets.  If the reports indicate performance targets are not being met, code edits may be required.  Please refer to the oneAPI FPGA Optimization Guide for information on performance tuning applications for FPGAs.
dpcpp -std=c++17 -O2 -Ddynamic_sched -DQ_SIZE=16 -I../include -qactypes -fintelfpga -c src/main.cpp -o bin/maximal_matching_dynamic_16qsize.dev.o -DFPGA=1 
dpcpp -std=c++17 -O2 -Ddynamic_sched -DQ_SIZE=16 -I../include -qactypes -fintelfpga bin/maximal_matching_dynamic_16qsize.dev.o -o bin/maximal_matching_dynamic_16qsize.fpga_hw -Xshardware -DFPGA=1  -Xsboard=/opt/intel/oneapi/intel_a10gx_pac:pac_a10
aoc: Compiling for FPGA. This process may take several hours to complete.  Prior to performing this compile, be sure to check the reports to ensure the design will meet your performance targets.  If the reports indicate performance targets are not being met, code edits may be required.  Please refer to the oneAPI FPGA Optimization Guide for information on performance tuning applications for FPGAs.
dpcpp -std=c++17 -O2 -Ddynamic_sched -DQ_SIZE=2 -I../include -qactypes -fintelfpga -c src/main.cpp -o bin/get_tanh_dynamic_2qsize.dev.o -DFPGA=1 
dpcpp -std=c++17 -O2 -Ddynamic_sched -DQ_SIZE=2 -I../include -qactypes -fintelfpga bin/get_tanh_dynamic_2qsize.dev.o -o bin/get_tanh_dynamic_2qsize.fpga_hw -Xshardware -DFPGA=1  -Xsboard=/opt/intel/oneapi/intel_a10gx_pac:pac_a10
aoc: Compiling for FPGA. This process may take several hours to complete.  Prior to performing this compile, be sure to check the reports to ensure the design will meet your performance targets.  If the reports indicate performance targets are not being met, code edits may be required.  Please refer to the oneAPI FPGA Optimization Guide for information on performance tuning applications for FPGAs.
dpcpp -std=c++17 -O2 -Ddynamic_sched -DQ_SIZE=4 -I../include -qactypes -fintelfpga -c src/main.cpp -o bin/get_tanh_dynamic_4qsize.dev.o -DFPGA=1 
dpcpp -std=c++17 -O2 -Ddynamic_sched -DQ_SIZE=4 -I../include -qactypes -fintelfpga bin/get_tanh_dynamic_4qsize.dev.o -o bin/get_tanh_dynamic_4qsize.fpga_hw -Xshardware -DFPGA=1  -Xsboard=/opt/intel/oneapi/intel_a10gx_pac:pac_a10
aoc: Compiling for FPGA. This process may take several hours to complete.  Prior to performing this compile, be sure to check the reports to ensure the design will meet your performance targets.  If the reports indicate performance targets are not being met, code edits may be required.  Please refer to the oneAPI FPGA Optimization Guide for information on performance tuning applications for FPGAs.
dpcpp -std=c++17 -O2 -Ddynamic_sched -DQ_SIZE=8 -I../include -qactypes -fintelfpga -c src/main.cpp -o bin/get_tanh_dynamic_8qsize.dev.o -DFPGA=1 
dpcpp -std=c++17 -O2 -Ddynamic_sched -DQ_SIZE=8 -I../include -qactypes -fintelfpga bin/get_tanh_dynamic_8qsize.dev.o -o bin/get_tanh_dynamic_8qsize.fpga_hw -Xshardware -DFPGA=1  -Xsboard=/opt/intel/oneapi/intel_a10gx_pac:pac_a10
aoc: Compiling for FPGA. This process may take several hours to complete.  Prior to performing this compile, be sure to check the reports to ensure the design will meet your performance targets.  If the reports indicate performance targets are not being met, code edits may be required.  Please refer to the oneAPI FPGA Optimization Guide for information on performance tuning applications for FPGAs.
dpcpp -std=c++17 -O2 -Ddynamic_sched -DQ_SIZE=16 -I../include -qactypes -fintelfpga -c src/main.cpp -o bin/get_tanh_dynamic_16qsize.dev.o -DFPGA=1 
dpcpp -std=c++17 -O2 -Ddynamic_sched -DQ_SIZE=16 -I../include -qactypes -fintelfpga bin/get_tanh_dynamic_16qsize.dev.o -o bin/get_tanh_dynamic_16qsize.fpga_hw -Xshardware -DFPGA=1  -Xsboard=/opt/intel/oneapi/intel_a10gx_pac:pac_a10
aoc: Compiling for FPGA. This process may take several hours to complete.  Prior to performing this compile, be sure to check the reports to ensure the design will meet your performance targets.  If the reports indicate performance targets are not being met, code edits may be required.  Please refer to the oneAPI FPGA Optimization Guide for information on performance tuning applications for FPGAs.
Building for kernel: histogram
Building for kernel: histogram_if
Building for kernel: spmv
Building for kernel: maximal_matching
Building for kernel: get_tanh
